'vswhere.exe' is not recognized as an internal or external command,
operable program or batch file.
-- Running vcpkg install
Detecting compiler hash for triplet x64-windows...
Compiler found: C:/Program Files/Microsoft Visual Studio/18/Community/VC/Tools/MSVC/14.51.36231/bin/Hostx64/x64/cl.exe
Detecting compiler hash for triplet x64-windows-static...
Compiler found: C:/Program Files/Microsoft Visual Studio/18/Community/VC/Tools/MSVC/14.51.36231/bin/Hostx64/x64/cl.exe
The following packages are already installed:
  * amd-amf:x64-windows-static@1.5.2
  * boost-algorithm:x64-windows-static@1.91.0
  * boost-align:x64-windows-static@1.91.0
  * boost-array:x64-windows-static@1.91.0
    boost-asio[core,ssl,spawn,deadline-timer]:x64-windows-static@1.91.0
  * boost-assert:x64-windows-static@1.91.0
    boost-beast:x64-windows-static@1.91.0
  * boost-bind:x64-windows-static@1.91.0
  * boost-cmake:x64-windows-static@1.91.0
  * boost-compat:x64-windows-static@1.91.0
  * boost-concept-check:x64-windows-static@1.91.0
  * boost-config:x64-windows-static@1.91.0
  * boost-container:x64-windows-static@1.91.0
  * boost-container-hash:x64-windows-static@1.91.0
  * boost-context:x64-windows-static@1.91.0
  * boost-conversion:x64-windows-static@1.91.0
  * boost-core:x64-windows-static@1.91.0
  * boost-date-time:x64-windows-static@1.91.0
  * boost-describe:x64-windows-static@1.91.0
  * boost-detail:x64-windows-static@1.91.0
  * boost-endian:x64-windows-static@1.91.0
  * boost-exception:x64-windows-static@1.91.0
  * boost-function:x64-windows-static@1.91.0
  * boost-function-types:x64-windows-static@1.91.0
  * boost-functional:x64-windows-static@1.91.0
  * boost-fusion:x64-windows-static@1.91.0
  * boost-headers:x64-windows-static@1.91.0
  * boost-integer:x64-windows-static@1.91.0
  * boost-intrusive:x64-windows-static@1.91.0
  * boost-io:x64-windows-static@1.91.0
  * boost-iterator:x64-windows-static@1.91.0
    boost-json:x64-windows-static@1.91.0
  * boost-lexical-cast:x64-windows-static@1.91.0
  * boost-logic:x64-windows-static@1.91.0
  * boost-move:x64-windows-static@1.91.0
  * boost-mp11:x64-windows-static@1.91.0
  * boost-mpl:x64-windows-static@1.91.0
  * boost-numeric-conversion:x64-windows-static@1.91.0
  * boost-optional:x64-windows-static@1.91.0
  * boost-pool:x64-windows-static@1.91.0
  * boost-predef:x64-windows-static@1.91.0
  * boost-preprocessor:x64-windows-static@1.91.0
  * boost-range:x64-windows-static@1.91.0
  * boost-regex:x64-windows-static@1.91.0
  * boost-smart-ptr:x64-windows-static@1.91.0
  * boost-static-assert:x64-windows-static@1.91.0
  * boost-static-string:x64-windows-static@1.91.0
  * boost-system:x64-windows-static@1.91.0
  * boost-throw-exception:x64-windows-static@1.91.0
  * boost-tokenizer:x64-windows-static@1.91.0
  * boost-tuple:x64-windows-static@1.91.0
  * boost-type-index:x64-windows-static@1.91.0
  * boost-type-traits:x64-windows-static@1.91.0
  * boost-typeof:x64-windows-static@1.91.0
  * boost-uninstall:x64-windows-static@1.91.0
  * boost-unordered:x64-windows-static@1.91.0
  * boost-utility:x64-windows-static@1.91.0
  * boost-variant2:x64-windows-static@1.91.0
  * boost-winapi:x64-windows-static@1.91.0
    ffmpeg[core,qsv,nvcodec,amf,swscale,avformat,avcodec]:x64-windows-static@8.1.1#1
  * ffmpeg-bin2c:x64-windows@8.1.1
  * ffnvcodec:x64-windows-static@13.0.19.0
  * libvpl:x64-windows-static@2.16.0
  * openssl:x64-windows-static@3.6.2
  * pkgconf:x64-windows@2.5.1#4
    sdl3:x64-windows-static@3.4.8#1
  * vcpkg-boost:x64-windows@2025-03-29
  * vcpkg-cmake:x64-windows@2024-04-23
  * vcpkg-cmake-config:x64-windows@2024-05-23
  * vcpkg-cmake-get-vars:x64-windows@2025-05-29
  * vcpkg-pkgconfig-get-modules:x64-windows@2024-04-03
  * vcpkg-tool-meson:x64-windows@1.9.0#7
The package boost-asio is compatible with built-in CMake targets of FindBoost.cmake:

    find_package(Boost REQUIRED COMPONENTS asio)
    target_link_libraries(main PRIVATE Boost::asio)

or the generated cmake configs via:

    find_package( REQUIRED CONFIG)
    target_link_libraries(main PRIVATE Boost::asio)

The package boost-beast is compatible with built-in CMake targets of FindBoost.cmake:

    find_package(Boost REQUIRED COMPONENTS beast)
    target_link_libraries(main PRIVATE Boost::beast)

or the generated cmake configs via:

    find_package( REQUIRED CONFIG)
    target_link_libraries(main PRIVATE Boost::beast)

The package boost-json is compatible with built-in CMake targets of FindBoost.cmake:

    find_package(Boost REQUIRED COMPONENTS json)
    target_link_libraries(main PRIVATE Boost::json)

or the generated cmake configs via:

    find_package( REQUIRED CONFIG)
    target_link_libraries(main PRIVATE Boost::json)

ffmpeg provides CMake integration:

  find_package(FFMPEG REQUIRED)
  target_include_directories(main PRIVATE ${FFMPEG_INCLUDE_DIRS})
  target_link_directories(main PRIVATE ${FFMPEG_LIBRARY_DIRS})
  target_link_libraries(main PRIVATE ${FFMPEG_LIBRARIES})

ffmpeg provides pkg-config modules:

  # FFmpeg codec library
  libavcodec

  # FFmpeg device handling library
  libavdevice

  # FFmpeg audio/video filtering library
  libavfilter

  # FFmpeg container format library
  libavformat

  # FFmpeg utility library
  libavutil

  # FFmpeg audio resampling library
  libswresample

  # FFmpeg image rescaling library
  libswscale

sdl3 provides CMake targets:

  find_package(SDL3 CONFIG REQUIRED)
  target_link_libraries(main PRIVATE SDL3::SDL3)

All requested installations completed successfully in: 904 us
-- Running vcpkg install - done
CMake Warning (dev) at build/vcpkg-installed/x64-windows-static/share/boost/vcpkg-cmake-wrapper.cmake:3 (_find_package):
  Policy CMP0167 is not set: The FindBoost module is removed.  Run "cmake
  --help-policy CMP0167" for policy details.  Use the cmake_policy command to
  set the policy and suppress this warning.

Call Stack (most recent call first):
  build/vcpkg/scripts/buildsystems/vcpkg.cmake:864 (include)
  CMakeLists.txt:15 (find_package)
This warning is for project developers.  Use -Wno-dev to suppress it.

-- Configuring done (5.1s)
-- Generating done (0.0s)
-- Build files have been written to: C:/Users/Marton/Desktop/github/gig/build/windows-release
[1/4] Building CXX object CMakeFiles\gig.dir\src\decode\ffmpeg_decoder.cpp.obj
[2/4] Building CXX object CMakeFiles\gig.dir\src\app\camera_supervisor.cpp.obj
[3/4] Building CXX object CMakeFiles\gig.dir\src\main.cpp.obj
[4/4] Linking CXX executable gig.exe
